<?xml version="1.0" encoding="UTF-8"?>
<!-- Generated by org.testng.reporters.JUnitReportReporter -->
<testsuite hostname="cefadeeaee321861343beebacfadacfctwo-0" failures="0" tests="1" name="com.example.TestHybrid" time="3.617" errors="0" timestamp="2025-01-05T05:56:51 UTC" skipped="0">
  <testcase classname="com.example.TestHybrid" name="testcase1" time="3.617"/>
</testsuite> <!-- com.example.TestHybrid -->
