<?xml version="1.0" encoding="UTF-8"?>
<!-- Generated by org.testng.reporters.JUnitReportReporter -->
<testsuite hostname="cefadeeaee321861343beebacfadacfctwo-0" failures="0" tests="1" name="com.example.TestHybrid" time="8.449" errors="0" timestamp="2025-01-05T06:09:48 UTC" skipped="0">
  <testcase classname="com.example.TestHybrid" name="testHotel" time="8.449"/>
</testsuite> <!-- com.example.TestHybrid -->
