<?xml version="1.0" encoding="UTF-8"?>
<!-- Generated by org.testng.reporters.JUnitReportReporter -->
<testsuite hostname="cefadeeaee321861343beebacfadacfctwo-0" failures="0" tests="1" name="com.example.TestBigSmall" time="4.425" errors="0" timestamp="2025-01-06T05:37:32 UTC" skipped="0">
  <testcase classname="com.example.TestBigSmall" name="TestBigsmall" time="4.425"/>
</testsuite> <!-- com.example.TestBigSmall -->
